This is pdfTeX, Version 3.14159265-2.6-1.40.20 (TeX Live 2019) (preloaded format=pdflatex 2019.11.26)  26 NOV 2025 00:53
entering extended mode
 restricted \write18 enabled.
 file:line:error style messages enabled.
 %&-line parsing enabled.
**metrics.tex
(./metrics.tex
LaTeX2e <2018-12-01>

./metrics.tex:2: LaTeX Error: Missing \begin{document}.

See the LaTeX manual or LaTeX Companion for explanation.
Type  H <return>  for immediate help.
 ...                                              
                                                  
l.2 \begin{tabular}
                   {l r}\hline
? 
./metrics.tex:2: Emergency stop.
 ...                                              
                                                  
l.2 \begin{tabular}
                   {l r}\hline
You're in trouble here.  Try typing  <return>  to proceed.
If that doesn't work, type  X <return>  to quit.

 
Here is how much of TeX's memory you used:
 6 strings out of 492616
 260 string characters out of 6129480
 57185 words of memory out of 5000000
 4025 multiletter control sequences out of 15000+600000
 3640 words of font info for 14 fonts, out of 8000000 for 9000
 1141 hyphenation exceptions out of 8191
 7i,0n,4p,48b,21s stack positions out of 5000i,500n,10000p,200000b,80000s
./metrics.tex:2:  ==> Fatal error occurred, no output PDF file produced!
